Tue Jan 01 2019 13:09:03 GMT+0000 (STD): GET /
Tue Jan 01 2019 13:09:03 GMT+0000 (STD): GET /favicon.ico
Tue Jan 01 2019 13:09:09 GMT+0000 (STD): GET /create
Tue Jan 01 2019 13:09:09 GMT+0000 (STD): GET /favicon.ico
Tue Jan 01 2019 13:12:54 GMT+0000 (STD): GET /create
Tue Jan 01 2019 13:12:54 GMT+0000 (STD): GET /favicon.ico
Tue Jan 01 2019 13:13:00 GMT+0000 (STD): GET /create
Tue Jan 01 2019 13:13:00 GMT+0000 (STD): GET /favicon.ico
Tue Jan 01 2019 13:13:03 GMT+0000 (STD): GET /create
Tue Jan 01 2019 13:13:03 GMT+0000 (STD): GET /favicon.ico
Tue Jan 01 2019 13:13:04 GMT+0000 (STD): GET /update
Tue Jan 01 2019 13:13:04 GMT+0000 (STD): GET /favicon.ico
Tue Jan 01 2019 13:13:05 GMT+0000 (STD): GET /favicon.ico
Tue Jan 01 2019 13:13:06 GMT+0000 (STD): GET /delete
Tue Jan 01 2019 13:13:06 GMT+0000 (STD): GET /favicon.ico
Tue Jan 01 2019 13:13:07 GMT+0000 (STD): GET /favicon.ico
Tue Jan 01 2019 13:13:23 GMT+0000 (STD): GET /create
Tue Jan 01 2019 13:13:24 GMT+0000 (STD): GET /favicon.ico
Tue Jan 01 2019 13:13:25 GMT+0000 (STD): GET /create
Tue Jan 01 2019 13:13:25 GMT+0000 (STD): GET /favicon.ico
Tue Jan 01 2019 13:13:26 GMT+0000 (STD): GET /
Tue Jan 01 2019 13:13:26 GMT+0000 (STD): GET /favicon.ico
Tue Jan 01 2019 13:13:28 GMT+0000 (STD): GET /favicon.ico
Tue Jan 01 2019 13:13:46 GMT+0000 (STD): GET /create
Tue Jan 01 2019 13:13:46 GMT+0000 (STD): GET /favicon.ico
Tue Jan 01 2019 13:13:47 GMT+0000 (STD): GET /delete
Tue Jan 01 2019 13:13:47 GMT+0000 (STD): GET /favicon.ico
Tue Jan 01 2019 13:13:48 GMT+0000 (STD): GET /update
Tue Jan 01 2019 13:13:48 GMT+0000 (STD): GET /favicon.ico
Tue Jan 01 2019 13:13:49 GMT+0000 (STD): GET /favicon.ico
Tue Jan 01 2019 13:14:14 GMT+0000 (STD): GET /delete
Tue Jan 01 2019 13:14:14 GMT+0000 (STD): GET /favicon.ico
Tue Jan 01 2019 13:14:15 GMT+0000 (STD): GET /
Tue Jan 01 2019 13:14:16 GMT+0000 (STD): GET /favicon.ico
Tue Jan 01 2019 13:14:35 GMT+0000 (STD): GET /
Tue Jan 01 2019 13:14:36 GMT+0000 (STD): GET /favicon.ico
Tue Jan 01 2019 13:14:38 GMT+0000 (STD): GET /
Tue Jan 01 2019 13:14:38 GMT+0000 (STD): GET /favicon.ico
Tue Jan 01 2019 13:14:39 GMT+0000 (STD): GET /create
Tue Jan 01 2019 13:14:39 GMT+0000 (STD): GET /favicon.ico
Tue Jan 01 2019 13:14:39 GMT+0000 (STD): GET /update
Tue Jan 01 2019 13:14:39 GMT+0000 (STD): GET /favicon.ico
Tue Jan 01 2019 13:14:40 GMT+0000 (STD): GET /delete
Tue Jan 01 2019 13:14:40 GMT+0000 (STD): GET /favicon.ico
Tue Jan 01 2019 13:14:41 GMT+0000 (STD): GET /
Tue Jan 01 2019 13:14:41 GMT+0000 (STD): GET /favicon.ico
Tue Jan 01 2019 13:14:41 GMT+0000 (STD): GET /create
Tue Jan 01 2019 13:14:42 GMT+0000 (STD): GET /favicon.ico
Tue Jan 01 2019 13:14:42 GMT+0000 (STD): GET /update
Tue Jan 01 2019 13:14:42 GMT+0000 (STD): GET /favicon.ico
Tue Jan 01 2019 13:14:43 GMT+0000 (STD): GET /delete
Tue Jan 01 2019 13:14:43 GMT+0000 (STD): GET /favicon.ico
Tue Jan 01 2019 13:15:04 GMT+0000 (STD): GET /update
Tue Jan 01 2019 13:15:04 GMT+0000 (STD): GET /favicon.ico
Tue Jan 01 2019 13:15:04 GMT+0000 (STD): GET /create
Tue Jan 01 2019 13:15:05 GMT+0000 (STD): GET /favicon.ico
Tue Jan 01 2019 13:15:05 GMT+0000 (STD): GET /
Tue Jan 01 2019 13:15:05 GMT+0000 (STD): GET /favicon.ico
Tue Jan 01 2019 13:15:27 GMT+0000 (STD): GET /
Tue Jan 01 2019 13:15:27 GMT+0000 (STD): GET /favicon.ico
Tue Jan 01 2019 13:15:27 GMT+0000 (STD): GET /create
Tue Jan 01 2019 13:15:27 GMT+0000 (STD): GET /favicon.ico
Tue Jan 01 2019 13:15:28 GMT+0000 (STD): GET /update
Tue Jan 01 2019 13:15:28 GMT+0000 (STD): GET /favicon.ico
Tue Jan 01 2019 13:15:29 GMT+0000 (STD): GET /delete
Tue Jan 01 2019 13:15:29 GMT+0000 (STD): GET /favicon.ico
Tue Jan 01 2019 13:15:30 GMT+0000 (STD): GET /update
Tue Jan 01 2019 13:15:30 GMT+0000 (STD): GET /favicon.ico
Tue Jan 01 2019 13:15:31 GMT+0000 (STD): GET /create
Tue Jan 01 2019 13:15:31 GMT+0000 (STD): GET /favicon.ico
Tue Jan 01 2019 13:15:31 GMT+0000 (STD): GET /
Tue Jan 01 2019 13:15:31 GMT+0000 (STD): GET /favicon.ico
Tue Jan 01 2019 13:15:32 GMT+0000 (STD): GET /create
Tue Jan 01 2019 13:15:32 GMT+0000 (STD): GET /favicon.ico
Tue Jan 01 2019 13:15:33 GMT+0000 (STD): GET /
Tue Jan 01 2019 13:15:33 GMT+0000 (STD): GET /favicon.ico
Tue Jan 01 2019 13:26:37 GMT+0000 (STD): GET /
Tue Jan 01 2019 13:26:37 GMT+0000 (STD): GET /favicon.ico
Tue Jan 01 2019 13:26:38 GMT+0000 (STD): GET /
Tue Jan 01 2019 13:26:38 GMT+0000 (STD): GET /favicon.ico
Tue Jan 01 2019 13:26:39 GMT+0000 (STD): GET /create
Tue Jan 01 2019 13:26:40 GMT+0000 (STD): GET /favicon.ico
Tue Jan 01 2019 13:26:40 GMT+0000 (STD): GET /update
Tue Jan 01 2019 13:26:40 GMT+0000 (STD): GET /favicon.ico
Tue Jan 01 2019 13:26:41 GMT+0000 (STD): GET /delete
Tue Jan 01 2019 13:26:42 GMT+0000 (STD): GET /favicon.ico
Tue Jan 01 2019 13:26:43 GMT+0000 (STD): GET /update
Tue Jan 01 2019 13:26:43 GMT+0000 (STD): GET /favicon.ico
Tue Jan 01 2019 13:26:43 GMT+0000 (STD): GET /create
Tue Jan 01 2019 13:26:43 GMT+0000 (STD): GET /favicon.ico
Tue Jan 01 2019 13:26:44 GMT+0000 (STD): GET /
Tue Jan 01 2019 13:26:44 GMT+0000 (STD): GET /favicon.ico
Tue Jan 01 2019 16:36:53 GMT+0000 (STD): GET /
Tue Jan 01 2019 16:36:53 GMT+0000 (STD): GET /favicon.ico
Tue Jan 01 2019 16:36:56 GMT+0000 (STD): GET /
Tue Jan 01 2019 16:36:56 GMT+0000 (STD): GET /favicon.ico
Tue Jan 01 2019 16:36:56 GMT+0000 (STD): GET /create
Tue Jan 01 2019 16:36:57 GMT+0000 (STD): GET /favicon.ico
Tue Jan 01 2019 16:36:57 GMT+0000 (STD): GET /update
Tue Jan 01 2019 16:36:57 GMT+0000 (STD): GET /favicon.ico
Tue Jan 01 2019 16:36:58 GMT+0000 (STD): GET /delete
Tue Jan 01 2019 16:36:58 GMT+0000 (STD): GET /favicon.ico
Tue Jan 01 2019 16:36:59 GMT+0000 (STD): GET /
Tue Jan 01 2019 16:36:59 GMT+0000 (STD): GET /favicon.ico
Tue Jan 01 2019 16:40:35 GMT+0000 (STD): GET /
Tue Jan 01 2019 16:40:35 GMT+0000 (STD): GET /favicon.ico
Tue Jan 01 2019 16:41:07 GMT+0000 (STD): GET /create
Tue Jan 01 2019 16:41:07 GMT+0000 (STD): GET /login
Tue Jan 01 2019 16:44:25 GMT+0000 (STD): GET /favicon.ico
Tue Jan 01 2019 16:44:26 GMT+0000 (STD): GET /create
Tue Jan 01 2019 16:44:26 GMT+0000 (STD): GET /login
Tue Jan 01 2019 16:44:51 GMT+0000 (STD): GET /favicon.ico
Tue Jan 01 2019 16:45:02 GMT+0000 (STD): GET /create
Tue Jan 01 2019 16:45:02 GMT+0000 (STD): GET /login
Tue Jan 01 2019 16:45:03 GMT+0000 (STD): GET /?code=5YIj6eG_Mb9hrdTfrD6f&state=859fb670-6b7c-44db-9afe-cc4ca59ac40b
Tue Jan 01 2019 16:45:03 GMT+0000 (STD): GET /favicon.ico
Tue Jan 01 2019 16:45:11 GMT+0000 (STD): GET /
Tue Jan 01 2019 16:45:11 GMT+0000 (STD): GET /favicon.ico
Tue Jan 01 2019 16:45:13 GMT+0000 (STD): GET /update
Tue Jan 01 2019 16:45:13 GMT+0000 (STD): GET /favicon.ico
Tue Jan 01 2019 16:45:13 GMT+0000 (STD): GET /delete
Tue Jan 01 2019 16:45:14 GMT+0000 (STD): GET /favicon.ico
Tue Jan 01 2019 16:45:14 GMT+0000 (STD): GET /create
Tue Jan 01 2019 16:45:14 GMT+0000 (STD): GET /login
Tue Jan 01 2019 16:45:14 GMT+0000 (STD): GET /?code=hVyCGI8FxD5o267i0nS6&state=a92f3eb1-d7ab-410c-a072-7ba8c53708ea
Tue Jan 01 2019 16:45:15 GMT+0000 (STD): GET /favicon.ico
Tue Jan 01 2019 16:45:15 GMT+0000 (STD): GET /create
Tue Jan 01 2019 16:45:15 GMT+0000 (STD): GET /login
Tue Jan 01 2019 16:45:16 GMT+0000 (STD): GET /?code=f-sWc2iTm47Zol1U7NYS&state=4aad1f98-0c27-49ce-b48f-8f67cc6a3f1a
Tue Jan 01 2019 16:45:16 GMT+0000 (STD): GET /favicon.ico
Tue Jan 01 2019 16:45:28 GMT+0000 (STD): GET /
Tue Jan 01 2019 16:45:28 GMT+0000 (STD): GET /favicon.ico
Tue Jan 01 2019 16:45:29 GMT+0000 (STD): GET /create
Tue Jan 01 2019 16:45:29 GMT+0000 (STD): GET /login
Tue Jan 01 2019 16:45:33 GMT+0000 (STD): GET /favicon.ico
Tue Jan 01 2019 16:53:37 GMT+0000 (STD): GET /create
Tue Jan 01 2019 16:53:37 GMT+0000 (STD): GET /login
Tue Jan 01 2019 16:53:40 GMT+0000 (STD): GET /favicon.ico
Tue Jan 01 2019 17:05:22 GMT+0000 (STD): GET /create
Tue Jan 01 2019 17:05:22 GMT+0000 (STD): GET /login
Tue Jan 01 2019 17:05:27 GMT+0000 (STD): GET /favicon.ico
Tue Jan 01 2019 17:08:04 GMT+0000 (STD): GET /
Tue Jan 01 2019 17:08:04 GMT+0000 (STD): GET /favicon.ico
Tue Jan 01 2019 17:08:06 GMT+0000 (STD): GET /create
Tue Jan 01 2019 17:08:06 GMT+0000 (STD): GET /login
Tue Jan 01 2019 17:08:08 GMT+0000 (STD): GET /favicon.ico
Tue Jan 01 2019 17:17:41 GMT+0000 (STD): GET /
Tue Jan 01 2019 17:17:41 GMT+0000 (STD): GET /favicon.ico
Tue Jan 01 2019 17:17:44 GMT+0000 (STD): GET /
Tue Jan 01 2019 17:17:45 GMT+0000 (STD): GET /favicon.ico
Tue Jan 01 2019 17:18:38 GMT+0000 (STD): GET /
Tue Jan 01 2019 17:18:38 GMT+0000 (STD): GET /favicon.ico
Tue Jan 01 2019 17:22:40 GMT+0000 (STD): GET /
Tue Jan 01 2019 17:22:41 GMT+0000 (STD): GET /favicon.ico
Tue Jan 01 2019 17:22:45 GMT+0000 (STD): GET /
Tue Jan 01 2019 17:22:45 GMT+0000 (STD): GET /favicon.ico
Tue Jan 01 2019 17:22:50 GMT+0000 (STD): GET /
Tue Jan 01 2019 17:22:50 GMT+0000 (STD): GET /favicon.ico
Tue Jan 01 2019 17:26:33 GMT+0000 (STD): GET /
Tue Jan 01 2019 17:26:34 GMT+0000 (STD): GET /favicon.ico
Tue Jan 01 2019 17:28:12 GMT+0000 (STD): GET /
Tue Jan 01 2019 17:28:13 GMT+0000 (STD): GET /favicon.ico
Tue Jan 01 2019 17:36:46 GMT+0000 (STD): GET /
Tue Jan 01 2019 17:36:47 GMT+0000 (STD): GET /favicon.ico
Tue Jan 01 2019 17:36:47 GMT+0000 (STD): GET /favicon.ico
Tue Jan 01 2019 18:17:05 GMT+0000 (STD): GET /
Tue Jan 01 2019 18:17:06 GMT+0000 (STD): GET /favicon.ico
Tue Jan 01 2019 18:17:09 GMT+0000 (STD): GET /login
Tue Jan 01 2019 18:17:14 GMT+0000 (STD): GET /favicon.ico
Tue Jan 01 2019 18:17:16 GMT+0000 (STD): GET /create
Tue Jan 01 2019 18:17:16 GMT+0000 (STD): GET /login
Tue Jan 01 2019 18:18:27 GMT+0000 (STD): GET /favicon.ico
Tue Jan 01 2019 18:18:29 GMT+0000 (STD): GET /
Tue Jan 01 2019 18:18:29 GMT+0000 (STD): GET /favicon.ico
Tue Jan 01 2019 18:18:30 GMT+0000 (STD): GET /create
Tue Jan 01 2019 18:18:30 GMT+0000 (STD): GET /login
Tue Jan 01 2019 18:18:32 GMT+0000 (STD): GET /favicon.ico
Tue Jan 01 2019 18:19:13 GMT+0000 (STD): GET /
Tue Jan 01 2019 18:19:13 GMT+0000 (STD): GET /favicon.ico
Tue Jan 01 2019 18:19:14 GMT+0000 (STD): GET /create
Tue Jan 01 2019 18:19:15 GMT+0000 (STD): GET /favicon.ico
Tue Jan 01 2019 18:19:16 GMT+0000 (STD): GET /
Tue Jan 01 2019 18:19:16 GMT+0000 (STD): GET /favicon.ico
Tue Jan 01 2019 18:19:17 GMT+0000 (STD): GET /update
Tue Jan 01 2019 18:19:17 GMT+0000 (STD): GET /favicon.ico
Tue Jan 01 2019 18:19:17 GMT+0000 (STD): GET /delete
Tue Jan 01 2019 18:19:17 GMT+0000 (STD): GET /favicon.ico
Tue Jan 01 2019 18:19:18 GMT+0000 (STD): GET /
Tue Jan 01 2019 18:19:18 GMT+0000 (STD): GET /favicon.ico
Tue Jan 01 2019 18:21:13 GMT+0000 (STD): GET /
Tue Jan 01 2019 18:21:14 GMT+0000 (STD): GET /favicon.ico
Tue Jan 01 2019 18:21:17 GMT+0000 (STD): GET /
Tue Jan 01 2019 18:21:17 GMT+0000 (STD): GET /favicon.ico
Tue Jan 01 2019 18:21:21 GMT+0000 (STD): GET /create
Tue Jan 01 2019 18:21:21 GMT+0000 (STD): GET /favicon.ico
Tue Jan 01 2019 18:21:22 GMT+0000 (STD): GET /
Tue Jan 01 2019 18:21:22 GMT+0000 (STD): GET /favicon.ico
Tue Jan 01 2019 18:21:40 GMT+0000 (STD): GET /
Tue Jan 01 2019 18:21:40 GMT+0000 (STD): GET /favicon.ico
Tue Jan 01 2019 18:22:04 GMT+0000 (STD): GET /
Tue Jan 01 2019 18:22:05 GMT+0000 (STD): GET /favicon.ico
Tue Jan 01 2019 18:22:15 GMT+0000 (STD): GET /
Tue Jan 01 2019 18:22:16 GMT+0000 (STD): GET /favicon.ico
Tue Jan 01 2019 18:22:25 GMT+0000 (STD): GET /
Tue Jan 01 2019 18:22:26 GMT+0000 (STD): GET /favicon.ico
Tue Jan 01 2019 18:23:56 GMT+0000 (STD): GET /
Tue Jan 01 2019 18:23:57 GMT+0000 (STD): GET /favicon.ico
Tue Jan 01 2019 18:23:59 GMT+0000 (STD): GET /
Tue Jan 01 2019 18:23:59 GMT+0000 (STD): GET /favicon.ico
Tue Jan 01 2019 18:24:04 GMT+0000 (STD): GET /
Tue Jan 01 2019 18:24:04 GMT+0000 (STD): GET /favicon.ico
Tue Jan 01 2019 18:24:06 GMT+0000 (STD): GET /
Tue Jan 01 2019 18:24:06 GMT+0000 (STD): GET /favicon.ico
Tue Jan 01 2019 18:26:20 GMT+0000 (STD): GET /
Tue Jan 01 2019 18:26:20 GMT+0000 (STD): GET /favicon.ico
Tue Jan 01 2019 18:26:26 GMT+0000 (STD): GET /
Tue Jan 01 2019 18:26:26 GMT+0000 (STD): GET /favicon.ico
Tue Jan 01 2019 18:26:38 GMT+0000 (STD): GET /create
Tue Jan 01 2019 18:26:38 GMT+0000 (STD): GET /favicon.ico
Tue Jan 01 2019 18:27:06 GMT+0000 (STD): GET /create
Tue Jan 01 2019 18:27:07 GMT+0000 (STD): GET /favicon.ico
Tue Jan 01 2019 18:27:08 GMT+0000 (STD): GET /
Tue Jan 01 2019 18:27:08 GMT+0000 (STD): GET /favicon.ico
Tue Jan 01 2019 18:27:08 GMT+0000 (STD): GET /create
Tue Jan 01 2019 18:27:09 GMT+0000 (STD): GET /favicon.ico
Tue Jan 01 2019 18:27:09 GMT+0000 (STD): GET /update
Tue Jan 01 2019 18:27:09 GMT+0000 (STD): GET /favicon.ico
Tue Jan 01 2019 18:27:10 GMT+0000 (STD): GET /delete
Tue Jan 01 2019 18:27:10 GMT+0000 (STD): GET /favicon.ico
Tue Jan 01 2019 18:27:10 GMT+0000 (STD): GET /update
Tue Jan 01 2019 18:27:11 GMT+0000 (STD): GET /favicon.ico
Tue Jan 01 2019 18:27:11 GMT+0000 (STD): GET /create
Tue Jan 01 2019 18:27:11 GMT+0000 (STD): GET /favicon.ico
Tue Jan 01 2019 18:27:11 GMT+0000 (STD): GET /
Tue Jan 01 2019 18:27:11 GMT+0000 (STD): GET /favicon.ico
Tue Jan 01 2019 18:27:13 GMT+0000 (STD): GET /create
Tue Jan 01 2019 18:27:13 GMT+0000 (STD): GET /favicon.ico
Tue Jan 01 2019 18:28:15 GMT+0000 (STD): GET /create
Tue Jan 01 2019 18:28:15 GMT+0000 (STD): GET /favicon.ico
Tue Jan 01 2019 18:28:25 GMT+0000 (STD): GET /create
Tue Jan 01 2019 18:28:26 GMT+0000 (STD): GET /favicon.ico
Tue Jan 01 2019 18:30:20 GMT+0000 (STD): GET /create
Tue Jan 01 2019 18:30:20 GMT+0000 (STD): GET /favicon.ico
Tue Jan 01 2019 18:43:21 GMT+0000 (STD): GET /create
Tue Jan 01 2019 18:43:22 GMT+0000 (STD): GET /favicon.ico
Tue Jan 01 2019 18:43:49 GMT+0000 (STD): GET /create
Tue Jan 01 2019 18:43:49 GMT+0000 (STD): GET /favicon.ico
Tue Jan 01 2019 18:44:24 GMT+0000 (STD): GET /create
Tue Jan 01 2019 18:44:25 GMT+0000 (STD): GET /favicon.ico
Tue Jan 01 2019 18:44:40 GMT+0000 (STD): GET /create
Tue Jan 01 2019 18:44:41 GMT+0000 (STD): GET /favicon.ico
Tue Jan 01 2019 18:44:49 GMT+0000 (STD): GET /create
Tue Jan 01 2019 18:44:50 GMT+0000 (STD): GET /favicon.ico
Tue Jan 01 2019 18:45:41 GMT+0000 (STD): GET /create
Tue Jan 01 2019 18:45:42 GMT+0000 (STD): GET /favicon.ico
Tue Jan 01 2019 18:47:13 GMT+0000 (STD): GET /create
Tue Jan 01 2019 18:47:13 GMT+0000 (STD): GET /favicon.ico
Tue Jan 01 2019 18:51:08 GMT+0000 (STD): GET /create
Tue Jan 01 2019 18:51:08 GMT+0000 (STD): GET /favicon.ico
Tue Jan 01 2019 18:51:36 GMT+0000 (STD): GET /create
Tue Jan 01 2019 18:51:36 GMT+0000 (STD): GET /favicon.ico
Tue Jan 01 2019 18:52:06 GMT+0000 (STD): GET /create
Tue Jan 01 2019 18:52:06 GMT+0000 (STD): GET /favicon.ico
Tue Jan 01 2019 18:53:58 GMT+0000 (STD): GET /create
Tue Jan 01 2019 18:53:58 GMT+0000 (STD): GET /favicon.ico
Tue Jan 01 2019 18:54:19 GMT+0000 (STD): GET /create
Tue Jan 01 2019 18:54:20 GMT+0000 (STD): GET /favicon.ico
Tue Jan 01 2019 18:57:02 GMT+0000 (STD): GET /create?date_start=2019-01-01&start_time=06%3A00&end_date=2019-01-01&end_time=18%3A00&booking_type=Camera&equipment=no_equip&vehicle=yes_vehicle&rate=%C2%A3250&client=Xyz&booked_by=Derpface&client_email=derp%40herp.com&submit=
Tue Jan 01 2019 18:57:03 GMT+0000 (STD): GET /favicon.ico
Tue Jan 01 2019 19:02:03 GMT+0000 (STD): GET /create?date_start=2019-01-01&start_time=06%3A00&end_date=2019-01-01&end_time=18%3A00&booking_type=Camera&equipment=no_equip&vehicle=yes_vehicle&rate=%C2%A3250&client=Xyz&booked_by=Derpface&client_email=derp%40herp.com&submit=
Tue Jan 01 2019 19:02:04 GMT+0000 (STD): GET /favicon.ico
Tue Jan 01 2019 19:03:37 GMT+0000 (STD): GET /create?date_start=2019-01-01&start_time=06%3A00&end_date=2019-01-01&end_time=18%3A00&booking_type=Camera&equipment=no_equip&vehicle=yes_vehicle&rate=%C2%A3250&client=Xyz&booked_by=Derpface&client_email=derp%40herp.com&submit=
Tue Jan 01 2019 19:03:38 GMT+0000 (STD): GET /favicon.ico
Tue Jan 01 2019 19:45:58 GMT+0000 (STD): GET /create?date_start=2019-01-01&start_time=06%3A00&end_date=2019-01-01&end_time=18%3A00&booking_type=Camera&equipment=no_equip&vehicle=yes_vehicle&rate=%C2%A3250&client=Xyz&booked_by=Derpface&client_email=derp%40herp.com&submit=
Tue Jan 01 2019 19:45:58 GMT+0000 (STD): GET /favicon.ico
Tue Jan 01 2019 19:46:41 GMT+0000 (STD): GET /create?date_start=1918-01-01&start_time=01%3A00&end_date=1918-01-01&end_time=02%3A00&booking_type=Camera+Operating&equipment=yes_equip&vehicle=no_vehicle&rate=125&client=Derpson&booked_by=Derp&client_email=derp%40herp.com&submit=
Tue Jan 01 2019 19:46:41 GMT+0000 (STD): GET /favicon.ico
Tue Jan 01 2019 19:48:11 GMT+0000 (STD): POST /create
Tue Jan 01 2019 19:49:36 GMT+0000 (STD): GET /create
Tue Jan 01 2019 19:49:42 GMT+0000 (STD): POST /create
Tue Jan 01 2019 19:50:33 GMT+0000 (STD): POST /create
Tue Jan 01 2019 19:51:41 GMT+0000 (STD): POST /create
Tue Jan 01 2019 19:51:56 GMT+0000 (STD): POST /create
Tue Jan 01 2019 19:55:19 GMT+0000 (STD): GET /create?date_start=1918-01-01&start_time=01%3A00&end_date=1918-01-01&end_time=02%3A00&booking_type=Camera+Operating&equipment=yes_equip&vehicle=no_vehicle&rate=125&client=Derpson&booked_by=Derp&client_email=derp%40herp.com&submit=
Tue Jan 01 2019 19:55:20 GMT+0000 (STD): GET /favicon.ico
Tue Jan 01 2019 19:55:22 GMT+0000 (STD): GET /
Tue Jan 01 2019 19:55:22 GMT+0000 (STD): GET /favicon.ico
Tue Jan 01 2019 19:55:22 GMT+0000 (STD): GET /create
Tue Jan 01 2019 19:55:23 GMT+0000 (STD): GET /favicon.ico
Tue Jan 01 2019 19:55:23 GMT+0000 (STD): GET /update
Tue Jan 01 2019 19:55:23 GMT+0000 (STD): GET /favicon.ico
Tue Jan 01 2019 19:55:24 GMT+0000 (STD): GET /delete
Tue Jan 01 2019 19:55:24 GMT+0000 (STD): GET /favicon.ico
Tue Jan 01 2019 19:55:24 GMT+0000 (STD): GET /update
Tue Jan 01 2019 19:55:25 GMT+0000 (STD): GET /favicon.ico
Tue Jan 01 2019 19:55:25 GMT+0000 (STD): GET /delete
Tue Jan 01 2019 19:55:25 GMT+0000 (STD): GET /favicon.ico
Tue Jan 01 2019 19:55:26 GMT+0000 (STD): GET /
Tue Jan 01 2019 19:55:26 GMT+0000 (STD): GET /favicon.ico
Tue Jan 01 2019 19:55:27 GMT+0000 (STD): GET /create
Tue Jan 01 2019 19:55:27 GMT+0000 (STD): GET /favicon.ico
Tue Jan 01 2019 19:55:27 GMT+0000 (STD): GET /delete
Tue Jan 01 2019 19:55:28 GMT+0000 (STD): GET /favicon.ico
Tue Jan 01 2019 19:55:28 GMT+0000 (STD): GET /update
Tue Jan 01 2019 19:55:28 GMT+0000 (STD): GET /favicon.ico
Tue Jan 01 2019 19:55:29 GMT+0000 (STD): GET /
Tue Jan 01 2019 19:55:29 GMT+0000 (STD): GET /favicon.ico
Tue Jan 01 2019 19:56:07 GMT+0000 (STD): GET /create
Tue Jan 01 2019 19:56:07 GMT+0000 (STD): GET /favicon.ico
Tue Jan 01 2019 19:56:32 GMT+0000 (STD): POST /create
Tue Jan 01 2019 19:56:32 GMT+0000 (STD): GET /favicon.ico
Tue Jan 01 2019 20:49:12 GMT+0000 (STD): POST /create
Tue Jan 01 2019 20:49:12 GMT+0000 (STD): GET /favicon.ico
Tue Jan 01 2019 20:49:15 GMT+0000 (STD): GET /
Tue Jan 01 2019 20:49:15 GMT+0000 (STD): GET /favicon.ico
Tue Jan 01 2019 20:49:16 GMT+0000 (STD): GET /create
Tue Jan 01 2019 20:49:16 GMT+0000 (STD): GET /favicon.ico
Tue Jan 01 2019 20:49:54 GMT+0000 (STD): GET /create
Tue Jan 01 2019 20:49:55 GMT+0000 (STD): GET /favicon.ico
Tue Jan 01 2019 20:50:02 GMT+0000 (STD): GET /create
Tue Jan 01 2019 20:50:03 GMT+0000 (STD): GET /favicon.ico
Tue Jan 01 2019 20:52:48 GMT+0000 (STD): POST /create
Tue Jan 01 2019 20:52:48 GMT+0000 (STD): GET /favicon.ico
Tue Jan 01 2019 20:53:23 GMT+0000 (STD): POST /create
Tue Jan 01 2019 20:53:23 GMT+0000 (STD): GET /favicon.ico
Tue Jan 01 2019 20:53:33 GMT+0000 (STD): POST /create
Tue Jan 01 2019 20:53:33 GMT+0000 (STD): GET /favicon.ico
Tue Jan 01 2019 20:54:25 GMT+0000 (STD): GET /favicon.ico
Tue Jan 01 2019 20:54:29 GMT+0000 (STD): POST /create
Tue Jan 01 2019 20:54:29 GMT+0000 (STD): GET /favicon.ico
Tue Jan 01 2019 20:54:32 GMT+0000 (STD): GET /favicon.ico
Tue Jan 01 2019 20:55:47 GMT+0000 (STD): POST /create
Tue Jan 01 2019 20:55:58 GMT+0000 (STD): POST /create
Tue Jan 01 2019 20:55:59 GMT+0000 (STD): GET /favicon.ico
Tue Jan 01 2019 20:56:01 GMT+0000 (STD): GET /favicon.ico
Tue Jan 01 2019 20:57:02 GMT+0000 (STD): POST /create
Tue Jan 01 2019 20:57:02 GMT+0000 (STD): GET /favicon.ico
Tue Jan 01 2019 20:57:09 GMT+0000 (STD): GET /favicon.ico
Tue Jan 01 2019 20:58:19 GMT+0000 (STD): POST /create
Tue Jan 01 2019 20:58:19 GMT+0000 (STD): GET /favicon.ico
Tue Jan 01 2019 20:58:25 GMT+0000 (STD): GET /favicon.ico
Tue Jan 01 2019 20:58:26 GMT+0000 (STD): GET /create
Tue Jan 01 2019 20:58:26 GMT+0000 (STD): GET /favicon.ico
Tue Jan 01 2019 20:59:13 GMT+0000 (STD): POST /create
Tue Jan 01 2019 20:59:14 GMT+0000 (STD): GET /favicon.ico
Tue Jan 01 2019 21:00:09 GMT+0000 (STD): GET /favicon.ico
Tue Jan 01 2019 21:01:42 GMT+0000 (STD): GET /create
Tue Jan 01 2019 21:01:43 GMT+0000 (STD): GET /favicon.ico
Tue Jan 01 2019 21:02:09 GMT+0000 (STD): POST /create
Tue Jan 01 2019 21:02:10 GMT+0000 (STD): GET /favicon.ico
Tue Jan 01 2019 21:02:56 GMT+0000 (STD): POST /create
Tue Jan 01 2019 21:02:57 GMT+0000 (STD): GET /favicon.ico
Tue Jan 01 2019 21:03:04 GMT+0000 (STD): GET /favicon.ico
Tue Jan 01 2019 21:03:05 GMT+0000 (STD): GET /favicon.ico
Tue Jan 01 2019 21:03:07 GMT+0000 (STD): GET /create
Tue Jan 01 2019 21:03:08 GMT+0000 (STD): GET /favicon.ico
Tue Jan 01 2019 21:03:32 GMT+0000 (STD): POST /create
Tue Jan 01 2019 21:03:32 GMT+0000 (STD): GET /favicon.ico
Tue Jan 01 2019 21:05:06 GMT+0000 (STD): GET /create
Tue Jan 01 2019 21:05:07 GMT+0000 (STD): GET /favicon.ico
Tue Jan 01 2019 21:05:17 GMT+0000 (STD): POST /create
Tue Jan 01 2019 21:05:17 GMT+0000 (STD): GET /favicon.ico
Tue Jan 01 2019 21:07:10 GMT+0000 (STD): GET /create
Tue Jan 01 2019 21:07:10 GMT+0000 (STD): GET /favicon.ico
Tue Jan 01 2019 21:07:12 GMT+0000 (STD): POST /create
Tue Jan 01 2019 21:07:12 GMT+0000 (STD): GET /favicon.ico
Tue Jan 01 2019 21:07:17 GMT+0000 (STD): GET /create
Tue Jan 01 2019 21:07:17 GMT+0000 (STD): GET /favicon.ico
Tue Jan 01 2019 21:07:31 GMT+0000 (STD): GET /create
Tue Jan 01 2019 21:07:32 GMT+0000 (STD): GET /favicon.ico
Tue Jan 01 2019 21:07:55 GMT+0000 (STD): POST /create
Tue Jan 01 2019 21:07:56 GMT+0000 (STD): GET /favicon.ico
Tue Jan 01 2019 21:10:55 GMT+0000 (STD): POST /create
Wed Jan 02 2019 17:25:12 GMT+0000 (STD): GET /
Wed Jan 02 2019 17:25:13 GMT+0000 (STD): GET /favicon.ico
Wed Jan 02 2019 17:25:14 GMT+0000 (STD): GET /create
Wed Jan 02 2019 17:25:15 GMT+0000 (STD): GET /favicon.ico
Wed Jan 02 2019 17:25:57 GMT+0000 (STD): POST /create
Wed Jan 02 2019 17:25:57 GMT+0000 (STD): GET /favicon.ico
Wed Jan 02 2019 17:26:16 GMT+0000 (STD): GET /favicon.ico
Wed Jan 02 2019 17:26:17 GMT+0000 (STD): POST /create
Wed Jan 02 2019 17:26:18 GMT+0000 (STD): GET /favicon.ico
Wed Jan 02 2019 17:26:19 GMT+0000 (STD): GET /favicon.ico
Wed Jan 02 2019 17:27:05 GMT+0000 (STD): POST /create
Wed Jan 02 2019 17:27:05 GMT+0000 (STD): GET /favicon.ico
Wed Jan 02 2019 17:27:07 GMT+0000 (STD): GET /favicon.ico
Wed Jan 02 2019 17:29:14 GMT+0000 (STD): POST /create
Wed Jan 02 2019 17:29:15 GMT+0000 (STD): GET /favicon.ico
Wed Jan 02 2019 17:29:18 GMT+0000 (STD): GET /favicon.ico
Wed Jan 02 2019 17:29:22 GMT+0000 (STD): GET /create
Wed Jan 02 2019 17:29:22 GMT+0000 (STD): GET /favicon.ico
Wed Jan 02 2019 17:29:58 GMT+0000 (STD): POST /create
Wed Jan 02 2019 17:29:58 GMT+0000 (STD): GET /favicon.ico
Wed Jan 02 2019 17:30:29 GMT+0000 (STD): POST /create
Wed Jan 02 2019 17:30:46 GMT+0000 (STD): GET /favicon.ico
Wed Jan 02 2019 17:30:47 GMT+0000 (STD): POST /create
Wed Jan 02 2019 17:30:47 GMT+0000 (STD): GET /favicon.ico
Wed Jan 02 2019 17:30:49 GMT+0000 (STD): GET /favicon.ico
Wed Jan 02 2019 17:31:06 GMT+0000 (STD): POST /create
Wed Jan 02 2019 17:31:06 GMT+0000 (STD): GET /favicon.ico
Wed Jan 02 2019 17:31:46 GMT+0000 (STD): GET /create
Wed Jan 02 2019 17:31:46 GMT+0000 (STD): GET /favicon.ico
Wed Jan 02 2019 17:31:49 GMT+0000 (STD): POST /create
Wed Jan 02 2019 17:31:50 GMT+0000 (STD): GET /favicon.ico
Wed Jan 02 2019 17:34:59 GMT+0000 (STD): POST /create
Wed Jan 02 2019 17:34:59 GMT+0000 (STD): GET /favicon.ico
Wed Jan 02 2019 17:35:01 GMT+0000 (STD): GET /
Wed Jan 02 2019 17:35:01 GMT+0000 (STD): GET /favicon.ico
Wed Jan 02 2019 17:35:03 GMT+0000 (STD): GET /create
Wed Jan 02 2019 17:35:03 GMT+0000 (STD): GET /favicon.ico
Wed Jan 02 2019 17:36:45 GMT+0000 (STD): GET /create
Wed Jan 02 2019 17:36:45 GMT+0000 (STD): GET /favicon.ico
Wed Jan 02 2019 17:37:10 GMT+0000 (STD): GET /create
Wed Jan 02 2019 17:37:10 GMT+0000 (STD): GET /favicon.ico
Wed Jan 02 2019 17:38:11 GMT+0000 (STD): GET /create
Wed Jan 02 2019 17:38:12 GMT+0000 (STD): GET /favicon.ico
Wed Jan 02 2019 17:38:32 GMT+0000 (STD): GET /create
Wed Jan 02 2019 17:38:33 GMT+0000 (STD): GET /favicon.ico
Wed Jan 02 2019 17:39:17 GMT+0000 (STD): GET /create
Wed Jan 02 2019 17:39:17 GMT+0000 (STD): GET /favicon.ico
Wed Jan 02 2019 17:39:41 GMT+0000 (STD): GET /create
Wed Jan 02 2019 17:39:42 GMT+0000 (STD): GET /favicon.ico
Wed Jan 02 2019 17:40:25 GMT+0000 (STD): POST /create
Wed Jan 02 2019 17:40:26 GMT+0000 (STD): GET /favicon.ico
Wed Jan 02 2019 17:40:34 GMT+0000 (STD): GET /create
Wed Jan 02 2019 17:40:34 GMT+0000 (STD): GET /favicon.ico
Wed Jan 02 2019 17:41:07 GMT+0000 (STD): POST /create
Wed Jan 02 2019 17:41:07 GMT+0000 (STD): GET /favicon.ico
Wed Jan 02 2019 17:44:08 GMT+0000 (STD): POST /create
Wed Jan 02 2019 17:44:08 GMT+0000 (STD): GET /favicon.ico
Wed Jan 02 2019 17:44:12 GMT+0000 (STD): GET /
Wed Jan 02 2019 17:44:12 GMT+0000 (STD): GET /favicon.ico
Wed Jan 02 2019 17:44:13 GMT+0000 (STD): GET /create
Wed Jan 02 2019 17:44:13 GMT+0000 (STD): GET /favicon.ico
Wed Jan 02 2019 17:44:42 GMT+0000 (STD): POST /create
Wed Jan 02 2019 17:44:42 GMT+0000 (STD): GET /favicon.ico
Wed Jan 02 2019 17:50:13 GMT+0000 (STD): GET /
Wed Jan 02 2019 17:50:14 GMT+0000 (STD): GET /favicon.ico
Wed Jan 02 2019 17:50:15 GMT+0000 (STD): GET /
Wed Jan 02 2019 17:50:15 GMT+0000 (STD): GET /favicon.ico
Wed Jan 02 2019 17:50:16 GMT+0000 (STD): GET /create
Wed Jan 02 2019 17:50:16 GMT+0000 (STD): GET /favicon.ico
Wed Jan 02 2019 17:50:43 GMT+0000 (STD): POST /create
Wed Jan 02 2019 17:50:43 GMT+0000 (STD): GET /favicon.ico
Wed Jan 02 2019 17:50:46 GMT+0000 (STD): GET /favicon.ico
Wed Jan 02 2019 17:51:18 GMT+0000 (STD): POST /create
Wed Jan 02 2019 17:51:19 GMT+0000 (STD): GET /favicon.ico
Wed Jan 02 2019 17:51:20 GMT+0000 (STD): GET /favicon.ico
Wed Jan 02 2019 17:51:33 GMT+0000 (STD): POST /create
Wed Jan 02 2019 17:51:33 GMT+0000 (STD): GET /favicon.ico
Wed Jan 02 2019 17:51:36 GMT+0000 (STD): GET /favicon.ico
Wed Jan 02 2019 17:51:44 GMT+0000 (STD): POST /create
Wed Jan 02 2019 17:51:45 GMT+0000 (STD): GET /favicon.ico
Wed Jan 02 2019 17:51:46 GMT+0000 (STD): GET /favicon.ico
Wed Jan 02 2019 17:52:10 GMT+0000 (STD): POST /create
Wed Jan 02 2019 17:52:10 GMT+0000 (STD): GET /favicon.ico
Wed Jan 02 2019 17:53:46 GMT+0000 (STD): GET /create
Wed Jan 02 2019 17:53:47 GMT+0000 (STD): GET /favicon.ico
Wed Jan 02 2019 17:53:48 GMT+0000 (STD): POST /create
Wed Jan 02 2019 17:53:48 GMT+0000 (STD): GET /favicon.ico
Wed Jan 02 2019 17:53:53 GMT+0000 (STD): GET /favicon.ico
Wed Jan 02 2019 17:54:11 GMT+0000 (STD): POST /create
Wed Jan 02 2019 17:54:11 GMT+0000 (STD): GET /favicon.ico
Wed Jan 02 2019 17:54:14 GMT+0000 (STD): GET /favicon.ico
Wed Jan 02 2019 18:05:24 GMT+0000 (STD): POST /create
Wed Jan 02 2019 18:05:25 GMT+0000 (STD): GET /favicon.ico
Wed Jan 02 2019 18:06:14 GMT+0000 (STD): POST /create
Wed Jan 02 2019 18:06:14 GMT+0000 (STD): GET /favicon.ico
Wed Jan 02 2019 18:06:15 GMT+0000 (STD): GET /
Wed Jan 02 2019 18:06:16 GMT+0000 (STD): GET /favicon.ico
Wed Jan 02 2019 18:06:16 GMT+0000 (STD): GET /create
Wed Jan 02 2019 18:06:17 GMT+0000 (STD): GET /favicon.ico
Wed Jan 02 2019 18:06:18 GMT+0000 (STD): GET /favicon.ico
Wed Jan 02 2019 18:06:18 GMT+0000 (STD): GET /favicon.ico
Wed Jan 02 2019 18:06:19 GMT+0000 (STD): GET /favicon.ico
Wed Jan 02 2019 18:06:21 GMT+0000 (STD): POST /create
Wed Jan 02 2019 18:06:21 GMT+0000 (STD): GET /favicon.ico
Wed Jan 02 2019 18:07:07 GMT+0000 (STD): GET /create
Wed Jan 02 2019 18:07:07 GMT+0000 (STD): GET /favicon.ico
Wed Jan 02 2019 18:07:10 GMT+0000 (STD): POST /create
Wed Jan 02 2019 18:07:10 GMT+0000 (STD): GET /favicon.ico
Wed Jan 02 2019 18:08:28 GMT+0000 (STD): GET /create
Wed Jan 02 2019 18:08:29 GMT+0000 (STD): GET /favicon.ico
Wed Jan 02 2019 18:08:30 GMT+0000 (STD): POST /create
Wed Jan 02 2019 18:08:31 GMT+0000 (STD): GET /favicon.ico
Wed Jan 02 2019 18:08:33 GMT+0000 (STD): GET /create
Wed Jan 02 2019 18:08:33 GMT+0000 (STD): GET /favicon.ico
Wed Jan 02 2019 18:08:56 GMT+0000 (STD): POST /create
Wed Jan 02 2019 18:08:56 GMT+0000 (STD): GET /favicon.ico
Wed Jan 02 2019 18:08:58 GMT+0000 (STD): GET /create
Wed Jan 02 2019 18:08:58 GMT+0000 (STD): GET /favicon.ico
Wed Jan 02 2019 18:09:00 GMT+0000 (STD): POST /create
Wed Jan 02 2019 18:09:00 GMT+0000 (STD): GET /favicon.ico
Wed Jan 02 2019 18:09:02 GMT+0000 (STD): GET /create
Wed Jan 02 2019 18:09:02 GMT+0000 (STD): GET /favicon.ico
Wed Jan 02 2019 18:09:15 GMT+0000 (STD): POST /create
Wed Jan 02 2019 18:09:15 GMT+0000 (STD): GET /favicon.ico
Wed Jan 02 2019 18:09:19 GMT+0000 (STD): GET /create
Wed Jan 02 2019 18:09:19 GMT+0000 (STD): GET /favicon.ico
Wed Jan 02 2019 18:09:29 GMT+0000 (STD): POST /create
Wed Jan 02 2019 18:09:30 GMT+0000 (STD): GET /favicon.ico
Wed Jan 02 2019 18:09:32 GMT+0000 (STD): GET /create
Wed Jan 02 2019 18:09:32 GMT+0000 (STD): GET /favicon.ico
Wed Jan 02 2019 18:09:35 GMT+0000 (STD): POST /create
Wed Jan 02 2019 18:09:35 GMT+0000 (STD): GET /favicon.ico
Wed Jan 02 2019 18:09:37 GMT+0000 (STD): GET /create
Wed Jan 02 2019 18:09:37 GMT+0000 (STD): GET /favicon.ico
Wed Jan 02 2019 18:09:50 GMT+0000 (STD): POST /create
Wed Jan 02 2019 18:09:51 GMT+0000 (STD): GET /favicon.ico
Wed Jan 02 2019 18:09:58 GMT+0000 (STD): POST /create
Wed Jan 02 2019 18:10:28 GMT+0000 (STD): POST /create
Wed Jan 02 2019 18:10:39 GMT+0000 (STD): POST /create
Wed Jan 02 2019 18:56:34 GMT+0000 (STD): POST /create
Wed Jan 02 2019 18:56:40 GMT+0000 (STD): GET /create
Wed Jan 02 2019 18:56:41 GMT+0000 (STD): GET /favicon.ico
Wed Jan 02 2019 18:58:31 GMT+0000 (STD): POST /create
Wed Jan 02 2019 18:58:32 GMT+0000 (STD): GET /favicon.ico
Wed Jan 02 2019 18:58:49 GMT+0000 (STD): GET /create
Wed Jan 02 2019 18:58:50 GMT+0000 (STD): GET /favicon.ico
Wed Jan 02 2019 18:58:50 GMT+0000 (STD): POST /create
Wed Jan 02 2019 19:00:18 GMT+0000 (STD): GET /favicon.ico
Wed Jan 02 2019 19:00:49 GMT+0000 (STD): GET /favicon.ico
Wed Jan 02 2019 19:00:59 GMT+0000 (STD): POST /create
Wed Jan 02 2019 19:01:00 GMT+0000 (STD): GET /favicon.ico
Wed Jan 02 2019 19:01:18 GMT+0000 (STD): GET /create
Wed Jan 02 2019 19:01:18 GMT+0000 (STD): GET /favicon.ico
Wed Jan 02 2019 19:01:22 GMT+0000 (STD): POST /create
Wed Jan 02 2019 19:01:23 GMT+0000 (STD): GET /favicon.ico
Wed Jan 02 2019 19:01:30 GMT+0000 (STD): GET /create
Wed Jan 02 2019 19:01:31 GMT+0000 (STD): GET /favicon.ico
Wed Jan 02 2019 19:01:40 GMT+0000 (STD): GET /favicon.ico
Wed Jan 02 2019 19:01:42 GMT+0000 (STD): POST /create
Wed Jan 02 2019 19:03:05 GMT+0000 (STD): GET /favicon.ico
Wed Jan 02 2019 19:04:19 GMT+0000 (STD): GET /favicon.ico
Wed Jan 02 2019 19:04:29 GMT+0000 (STD): POST /create
Wed Jan 02 2019 19:04:29 GMT+0000 (STD): GET /favicon.ico
Wed Jan 02 2019 19:04:35 GMT+0000 (STD): GET /favicon.ico
Wed Jan 02 2019 19:04:36 GMT+0000 (STD): POST /create
Wed Jan 02 2019 19:04:37 GMT+0000 (STD): GET /favicon.ico
Wed Jan 02 2019 19:04:38 GMT+0000 (STD): GET /favicon.ico
Wed Jan 02 2019 19:04:39 GMT+0000 (STD): GET /create
Wed Jan 02 2019 19:04:40 GMT+0000 (STD): GET /favicon.ico
Wed Jan 02 2019 19:05:05 GMT+0000 (STD): POST /create
Wed Jan 02 2019 19:05:05 GMT+0000 (STD): GET /favicon.ico
Wed Jan 02 2019 19:05:34 GMT+0000 (STD): GET /favicon.ico
Wed Jan 02 2019 19:05:38 GMT+0000 (STD): POST /create
Wed Jan 02 2019 19:05:38 GMT+0000 (STD): GET /favicon.ico
Wed Jan 02 2019 19:05:40 GMT+0000 (STD): GET /favicon.ico
Wed Jan 02 2019 19:06:38 GMT+0000 (STD): POST /create
Wed Jan 02 2019 19:06:39 GMT+0000 (STD): GET /favicon.ico
Wed Jan 02 2019 19:06:49 GMT+0000 (STD): GET /
Wed Jan 02 2019 19:06:49 GMT+0000 (STD): GET /favicon.ico
Wed Jan 02 2019 19:07:30 GMT+0000 (STD): GET /
Wed Jan 02 2019 19:07:31 GMT+0000 (STD): GET /favicon.ico
Wed Jan 02 2019 19:09:37 GMT+0000 (STD): GET /
Wed Jan 02 2019 19:09:37 GMT+0000 (STD): GET /favicon.ico
Wed Jan 02 2019 19:09:38 GMT+0000 (STD): GET /create
Wed Jan 02 2019 19:09:38 GMT+0000 (STD): GET /favicon.ico
Wed Jan 02 2019 19:09:40 GMT+0000 (STD): GET /favicon.ico
Wed Jan 02 2019 19:09:40 GMT+0000 (STD): GET /favicon.ico
Wed Jan 02 2019 19:09:41 GMT+0000 (STD): GET /favicon.ico
Wed Jan 02 2019 19:09:42 GMT+0000 (STD): POST /create
Wed Jan 02 2019 19:09:42 GMT+0000 (STD): GET /favicon.ico
Wed Jan 02 2019 19:09:47 GMT+0000 (STD): GET /main.hbs
Wed Jan 02 2019 19:09:47 GMT+0000 (STD): GET /favicon.ico
Wed Jan 02 2019 19:10:02 GMT+0000 (STD): GET /favicon.ico
Wed Jan 02 2019 19:10:06 GMT+0000 (STD): GET /main.hbs
Wed Jan 02 2019 19:10:07 GMT+0000 (STD): GET /favicon.ico
Wed Jan 02 2019 19:10:08 GMT+0000 (STD): GET /favicon.ico
Wed Jan 02 2019 19:10:09 GMT+0000 (STD): GET /
Wed Jan 02 2019 19:10:09 GMT+0000 (STD): GET /favicon.ico
Wed Jan 02 2019 19:10:10 GMT+0000 (STD): GET /create
Wed Jan 02 2019 19:10:10 GMT+0000 (STD): GET /favicon.ico
Wed Jan 02 2019 19:10:12 GMT+0000 (STD): GET /favicon.ico
Wed Jan 02 2019 19:10:12 GMT+0000 (STD): GET /favicon.ico
Wed Jan 02 2019 19:10:13 GMT+0000 (STD): GET /favicon.ico
Wed Jan 02 2019 19:10:14 GMT+0000 (STD): POST /create
Wed Jan 02 2019 19:10:14 GMT+0000 (STD): GET /favicon.ico
Wed Jan 02 2019 19:10:19 GMT+0000 (STD): GET /
Wed Jan 02 2019 19:10:19 GMT+0000 (STD): GET /favicon.ico
Wed Jan 02 2019 19:11:20 GMT+0000 (STD): GET /
Wed Jan 02 2019 19:11:20 GMT+0000 (STD): GET /favicon.ico
Wed Jan 02 2019 19:11:51 GMT+0000 (STD): GET /
Wed Jan 02 2019 19:11:51 GMT+0000 (STD): GET /favicon.ico
Wed Jan 02 2019 19:16:24 GMT+0000 (STD): GET /
Wed Jan 02 2019 19:16:24 GMT+0000 (STD): GET /favicon.ico
Wed Jan 02 2019 19:16:38 GMT+0000 (STD): GET /
Wed Jan 02 2019 19:16:38 GMT+0000 (STD): GET /favicon.ico
Wed Jan 02 2019 19:16:47 GMT+0000 (STD): GET /
Wed Jan 02 2019 19:16:48 GMT+0000 (STD): GET /favicon.ico
Wed Jan 02 2019 19:16:49 GMT+0000 (STD): GET /
Wed Jan 02 2019 19:16:49 GMT+0000 (STD): GET /favicon.ico
Wed Jan 02 2019 19:16:57 GMT+0000 (STD): GET /
Wed Jan 02 2019 19:16:57 GMT+0000 (STD): GET /favicon.ico
Wed Jan 02 2019 19:17:55 GMT+0000 (STD): GET /
Wed Jan 02 2019 19:17:55 GMT+0000 (STD): GET /favicon.ico
Wed Jan 02 2019 19:17:56 GMT+0000 (STD): GET /
Wed Jan 02 2019 19:17:57 GMT+0000 (STD): GET /favicon.ico
Wed Jan 02 2019 19:17:57 GMT+0000 (STD): GET /create
Wed Jan 02 2019 19:17:57 GMT+0000 (STD): GET /favicon.ico
Wed Jan 02 2019 19:17:59 GMT+0000 (STD): GET /update
Wed Jan 02 2019 19:17:59 GMT+0000 (STD): GET /favicon.ico
Wed Jan 02 2019 19:18:00 GMT+0000 (STD): GET /delete
Wed Jan 02 2019 19:18:00 GMT+0000 (STD): GET /favicon.ico
Wed Jan 02 2019 19:18:01 GMT+0000 (STD): GET /
Wed Jan 02 2019 19:18:01 GMT+0000 (STD): GET /favicon.ico
Wed Jan 02 2019 19:18:01 GMT+0000 (STD): GET /create
Wed Jan 02 2019 19:18:01 GMT+0000 (STD): GET /favicon.ico
Wed Jan 02 2019 19:18:02 GMT+0000 (STD): GET /update
Wed Jan 02 2019 19:18:02 GMT+0000 (STD): GET /favicon.ico
Wed Jan 02 2019 19:18:03 GMT+0000 (STD): GET /delete
Wed Jan 02 2019 19:18:03 GMT+0000 (STD): GET /favicon.ico
Wed Jan 02 2019 19:18:04 GMT+0000 (STD): GET /
Wed Jan 02 2019 19:18:04 GMT+0000 (STD): GET /favicon.ico
Wed Jan 02 2019 19:18:05 GMT+0000 (STD): GET /
Wed Jan 02 2019 19:18:06 GMT+0000 (STD): GET /favicon.ico
Wed Jan 02 2019 19:18:06 GMT+0000 (STD): GET /
Wed Jan 02 2019 19:18:06 GMT+0000 (STD): GET /favicon.ico
Wed Jan 02 2019 19:18:19 GMT+0000 (STD): GET /
Wed Jan 02 2019 19:18:19 GMT+0000 (STD): GET /favicon.ico
Wed Jan 02 2019 19:18:49 GMT+0000 (STD): GET /create
Wed Jan 02 2019 19:18:50 GMT+0000 (STD): GET /favicon.ico
Wed Jan 02 2019 19:18:53 GMT+0000 (STD): GET /create
Wed Jan 02 2019 19:18:53 GMT+0000 (STD): GET /favicon.ico
Wed Jan 02 2019 19:18:58 GMT+0000 (STD): GET /create
Wed Jan 02 2019 19:18:59 GMT+0000 (STD): GET /favicon.ico
Wed Jan 02 2019 19:19:01 GMT+0000 (STD): GET /
Wed Jan 02 2019 19:19:01 GMT+0000 (STD): GET /favicon.ico
Wed Jan 02 2019 19:19:03 GMT+0000 (STD): GET /create
Wed Jan 02 2019 19:19:03 GMT+0000 (STD): GET /favicon.ico
Wed Jan 02 2019 19:19:04 GMT+0000 (STD): GET /
Wed Jan 02 2019 19:19:05 GMT+0000 (STD): GET /favicon.ico
Wed Jan 02 2019 19:19:34 GMT+0000 (STD): GET /
Wed Jan 02 2019 19:19:35 GMT+0000 (STD): GET /favicon.ico
Wed Jan 02 2019 19:20:23 GMT+0000 (STD): GET /
Wed Jan 02 2019 19:20:23 GMT+0000 (STD): GET /favicon.ico
Wed Jan 02 2019 19:20:41 GMT+0000 (STD): GET /
Wed Jan 02 2019 19:20:41 GMT+0000 (STD): GET /favicon.ico
Wed Jan 02 2019 19:20:53 GMT+0000 (STD): GET /
Wed Jan 02 2019 19:20:54 GMT+0000 (STD): GET /favicon.ico
Wed Jan 02 2019 19:20:57 GMT+0000 (STD): GET /
Wed Jan 02 2019 19:20:57 GMT+0000 (STD): GET /favicon.ico
Wed Jan 02 2019 19:20:58 GMT+0000 (STD): GET /create
Wed Jan 02 2019 19:20:58 GMT+0000 (STD): GET /favicon.ico
Wed Jan 02 2019 19:21:01 GMT+0000 (STD): GET /update
Wed Jan 02 2019 19:21:01 GMT+0000 (STD): GET /favicon.ico
Wed Jan 02 2019 19:21:03 GMT+0000 (STD): GET /delete
Wed Jan 02 2019 19:21:03 GMT+0000 (STD): GET /favicon.ico
Wed Jan 02 2019 19:21:04 GMT+0000 (STD): GET /
Wed Jan 02 2019 19:21:05 GMT+0000 (STD): GET /favicon.ico
Wed Jan 02 2019 19:21:06 GMT+0000 (STD): GET /create
Wed Jan 02 2019 19:21:06 GMT+0000 (STD): GET /favicon.ico
Wed Jan 02 2019 19:21:20 GMT+0000 (STD): GET /
Wed Jan 02 2019 19:21:20 GMT+0000 (STD): GET /favicon.ico
Wed Jan 02 2019 19:21:49 GMT+0000 (STD): GET /create
Wed Jan 02 2019 19:21:49 GMT+0000 (STD): GET /favicon.ico
Wed Jan 02 2019 19:21:50 GMT+0000 (STD): GET /update
Wed Jan 02 2019 19:21:50 GMT+0000 (STD): GET /favicon.ico
Wed Jan 02 2019 19:21:51 GMT+0000 (STD): GET /delete
Wed Jan 02 2019 19:21:51 GMT+0000 (STD): GET /favicon.ico
Wed Jan 02 2019 19:21:51 GMT+0000 (STD): GET /
Wed Jan 02 2019 19:21:51 GMT+0000 (STD): GET /favicon.ico
